{"C:\\Users\\johnk\\Documents\\GitHub\\employeeManagement\\employee-management\\src\\App.tsx": {"path":"C:\\Users\\johnk\\Documents\\GitHub\\employeeManagement\\employee-management\\src\\App.tsx","statementMap":{"0":{"start":{"line":15,"column":14},"end":{"line":15,"column":27}},"1":{"start":{"line":18,"column":36},"end":{"line":18,"column":60}},"2":{"start":{"line":19,"column":32},"end":{"line":19,"column":55}},"3":{"start":{"line":20,"column":28},"end":{"line":20,"column":57}},"4":{"start":{"line":22,"column":2},"end":{"line":42,"column":9}},"5":{"start":{"line":23,"column":20},"end":{"line":23,"column":25}},"6":{"start":{"line":24,"column":4},"end":{"line":24,"column":21}},"7":{"start":{"line":25,"column":4},"end":{"line":38,"column":9}},"8":{"start":{"line":27,"column":8},"end":{"line":31,"column":9}},"9":{"start":{"line":28,"column":30},"end":{"line":28,"column":76}},"10":{"start":{"line":28,"column":46},"end":{"line":28,"column":75}},"11":{"start":{"line":29,"column":10},"end":{"line":29,"column":52}},"12":{"start":{"line":30,"column":10},"end":{"line":30,"column":36}},"13":{"start":{"line":34,"column":8},"end":{"line":34,"column":44}},"14":{"start":{"line":34,"column":24},"end":{"line":34,"column":44}},"15":{"start":{"line":37,"column":8},"end":{"line":37,"column":42}},"16":{"start":{"line":37,"column":24},"end":{"line":37,"column":42}},"17":{"start":{"line":39,"column":4},"end":{"line":41,"column":6}},"18":{"start":{"line":40,"column":6},"end":{"line":40,"column":23}},"19":{"start":{"line":44,"column":2},"end":{"line":72,"column":4}}},"fnMap":{"0":{"name":"App","decl":{"start":{"line":17,"column":9},"end":{"line":17,"column":12}},"loc":{"start":{"line":17,"column":12},"end":{"line":73,"column":1}}},"1":{"name":"(anonymous_1)","decl":{"start":{"line":22,"column":12},"end":{"line":22,"column":15}},"loc":{"start":{"line":22,"column":17},"end":{"line":42,"column":3}}},"2":{"name":"(anonymous_2)","decl":{"start":{"line":26,"column":12},"end":{"line":26,"column":13}},"loc":{"start":{"line":26,"column":18},"end":{"line":32,"column":7}}},"3":{"name":"(anonymous_3)","decl":{"start":{"line":28,"column":36},"end":{"line":28,"column":37}},"loc":{"start":{"line":28,"column":46},"end":{"line":28,"column":75}}},"4":{"name":"(anonymous_4)","decl":{"start":{"line":33,"column":13},"end":{"line":33,"column":14}},"loc":{"start":{"line":33,"column":19},"end":{"line":35,"column":7}}},"5":{"name":"(anonymous_5)","decl":{"start":{"line":36,"column":15},"end":{"line":36,"column":18}},"loc":{"start":{"line":36,"column":20},"end":{"line":38,"column":7}}},"6":{"name":"(anonymous_6)","decl":{"start":{"line":39,"column":11},"end":{"line":39,"column":14}},"loc":{"start":{"line":39,"column":16},"end":{"line":41,"column":5}}}},"branchMap":{"0":{"loc":{"start":{"line":27,"column":8},"end":{"line":31,"column":9}},"type":"if","locations":[{"start":{"line":27,"column":8},"end":{"line":31,"column":9}},{"start":{},"end":{}}]},"1":{"loc":{"start":{"line":34,"column":8},"end":{"line":34,"column":44}},"type":"if","locations":[{"start":{"line":34,"column":8},"end":{"line":34,"column":44}},{"start":{},"end":{}}]},"2":{"loc":{"start":{"line":37,"column":8},"end":{"line":37,"column":42}},"type":"if","locations":[{"start":{"line":37,"column":8},"end":{"line":37,"column":42}},{"start":{},"end":{}}]}},"s":{"0":0,"1":0,"2":0,"3":0,"4":0,"5":0,"6":0,"7":0,"8":0,"9":0,"10":0,"11":0,"12":0,"13":0,"14":0,"15":0,"16":0,"17":0,"18":0,"19":0},"f":{"0":0,"1":0,"2":0,"3":0,"4":0,"5":0,"6":0},"b":{"0":[0,0],"1":[0,0],"2":[0,0]}}
,"C:\\Users\\johnk\\Documents\\GitHub\\employeeManagement\\employee-management\\src\\main.tsx": {"path":"C:\\Users\\johnk\\Documents\\GitHub\\employeeManagement\\employee-management\\src\\main.tsx","statementMap":{"0":{"start":{"line":7,"column":0},"end":{"line":13,"column":2}}},"fnMap":{},"branchMap":{},"s":{"0":0},"f":{},"b":{}}
,"C:\\Users\\johnk\\Documents\\GitHub\\employeeManagement\\employee-management\\src\\api\\users.ts": {"path":"C:\\Users\\johnk\\Documents\\GitHub\\employeeManagement\\employee-management\\src\\api\\users.ts","statementMap":{"0":{"start":{"line":10,"column":42},"end":{"line":10,"column":44}},"1":{"start":{"line":11,"column":2},"end":{"line":13,"column":3}},"2":{"start":{"line":12,"column":4},"end":{"line":12,"column":34}},"3":{"start":{"line":15,"column":14},"end":{"line":19,"column":null}},"4":{"start":{"line":21,"column":2},"end":{"line":21,"column":71}},"5":{"start":{"line":21,"column":15},"end":{"line":21,"column":71}},"6":{"start":{"line":22,"column":15},"end":{"line":22,"column":31}},"7":{"start":{"line":23,"column":2},"end":{"line":23,"column":29}},"8":{"start":{"line":27,"column":25},"end":{"line":27,"column":27}},"9":{"start":{"line":29,"column":2},"end":{"line":32,"column":3}},"10":{"start":{"line":29,"column":18},"end":{"line":29,"column":19}},"11":{"start":{"line":30,"column":18},"end":{"line":30,"column":48}},"12":{"start":{"line":31,"column":4},"end":{"line":31,"column":38}},"13":{"start":{"line":34,"column":2},"end":{"line":34,"column":18}}},"fnMap":{"0":{"name":"fetchUsers","decl":{"start":{"line":9,"column":22},"end":{"line":9,"column":32}},"loc":{"start":{"line":9,"column":58},"end":{"line":24,"column":1}}},"1":{"name":"fetchAllUsers","decl":{"start":{"line":26,"column":22},"end":{"line":26,"column":35}},"loc":{"start":{"line":26,"column":51},"end":{"line":35,"column":1}}}},"branchMap":{"0":{"loc":{"start":{"line":9,"column":33},"end":{"line":9,"column":41}},"type":"default-arg","locations":[{"start":{"line":9,"column":40},"end":{"line":9,"column":41}}]},"1":{"loc":{"start":{"line":11,"column":2},"end":{"line":13,"column":3}},"type":"if","locations":[{"start":{"line":11,"column":2},"end":{"line":13,"column":3}},{"start":{},"end":{}}]},"2":{"loc":{"start":{"line":21,"column":2},"end":{"line":21,"column":71}},"type":"if","locations":[{"start":{"line":21,"column":2},"end":{"line":21,"column":71}},{"start":{},"end":{}}]}},"s":{"0":0,"1":0,"2":0,"3":0,"4":0,"5":0,"6":0,"7":0,"8":0,"9":0,"10":0,"11":0,"12":0,"13":0},"f":{"0":0,"1":0},"b":{"0":[0],"1":[0,0],"2":[0,0]}}
,"C:\\Users\\johnk\\Documents\\GitHub\\employeeManagement\\employee-management\\src\\components\\EmployeeDetail.tsx": {"path":"C:\\Users\\johnk\\Documents\\GitHub\\employeeManagement\\employee-management\\src\\components\\EmployeeDetail.tsx","statementMap":{"0":{"start":{"line":5,"column":20},"end":{"line":5,"column":31}},"1":{"start":{"line":6,"column":23},"end":{"line":6,"column":61}},"2":{"start":{"line":7,"column":19},"end":{"line":7,"column":66}},"3":{"start":{"line":7,"column":41},"end":{"line":7,"column":65}},"4":{"start":{"line":9,"column":2},"end":{"line":11,"column":3}},"5":{"start":{"line":10,"column":4},"end":{"line":10,"column":66}},"6":{"start":{"line":13,"column":2},"end":{"line":23,"column":4}}},"fnMap":{"0":{"name":"EmployeeDetail","decl":{"start":{"line":4,"column":16},"end":{"line":4,"column":30}},"loc":{"start":{"line":4,"column":71},"end":{"line":24,"column":1}}},"1":{"name":"(anonymous_1)","decl":{"start":{"line":7,"column":34},"end":{"line":7,"column":35}},"loc":{"start":{"line":7,"column":41},"end":{"line":7,"column":65}}}},"branchMap":{"0":{"loc":{"start":{"line":6,"column":23},"end":{"line":6,"column":61}},"type":"cond-expr","locations":[{"start":{"line":6,"column":31},"end":{"line":6,"column":56}},{"start":{"line":6,"column":59},"end":{"line":6,"column":61}}]},"1":{"loc":{"start":{"line":9,"column":2},"end":{"line":11,"column":3}},"type":"if","locations":[{"start":{"line":9,"column":2},"end":{"line":11,"column":3}},{"start":{},"end":{}}]}},"s":{"0":0,"1":0,"2":0,"3":0,"4":0,"5":0,"6":0},"f":{"0":0,"1":0},"b":{"0":[0,0],"1":[0,0]}}
,"C:\\Users\\johnk\\Documents\\GitHub\\employeeManagement\\employee-management\\src\\components\\FilterDepartment.tsx": {"path":"C:\\Users\\johnk\\Documents\\GitHub\\employeeManagement\\employee-management\\src\\components\\FilterDepartment.tsx","statementMap":{"0":{"start":{"line":15,"column":21},"end":{"line":16,"column":null}},"1":{"start":{"line":16,"column":20},"end":{"line":16,"column":62}},"2":{"start":{"line":18,"column":19},"end":{"line":18,"column":32}},"3":{"start":{"line":20,"column":23},"end":{"line":29,"column":3}},"4":{"start":{"line":21,"column":18},"end":{"line":21,"column":46}},"5":{"start":{"line":22,"column":4},"end":{"line":28,"column":5}},"6":{"start":{"line":23,"column":6},"end":{"line":23,"column":42}},"7":{"start":{"line":24,"column":6},"end":{"line":24,"column":52}},"8":{"start":{"line":26,"column":6},"end":{"line":26,"column":43}},"9":{"start":{"line":27,"column":6},"end":{"line":27,"column":56}},"10":{"start":{"line":31,"column":2},"end":{"line":38,"column":17}},"11":{"start":{"line":32,"column":17},"end":{"line":32,"column":59}},"12":{"start":{"line":33,"column":4},"end":{"line":37,"column":5}},"13":{"start":{"line":34,"column":6},"end":{"line":34,"column":42}},"14":{"start":{"line":36,"column":6},"end":{"line":36,"column":42}},"15":{"start":{"line":40,"column":2},"end":{"line":64,"column":4}},"16":{"start":{"line":51,"column":38},"end":{"line":51,"column":77}},"17":{"start":{"line":57,"column":12},"end":{"line":57,"column":33}}},"fnMap":{"0":{"name":"FilterDepartment","decl":{"start":{"line":14,"column":16},"end":{"line":14,"column":32}},"loc":{"start":{"line":14,"column":32},"end":{"line":65,"column":1}}},"1":{"name":"(anonymous_1)","decl":{"start":{"line":16,"column":4},"end":{"line":16,"column":5}},"loc":{"start":{"line":16,"column":20},"end":{"line":16,"column":62}}},"2":{"name":"(anonymous_2)","decl":{"start":{"line":20,"column":23},"end":{"line":20,"column":24}},"loc":{"start":{"line":20,"column":52},"end":{"line":29,"column":3}}},"3":{"name":"(anonymous_3)","decl":{"start":{"line":31,"column":12},"end":{"line":31,"column":15}},"loc":{"start":{"line":31,"column":17},"end":{"line":38,"column":3}}},"4":{"name":"(anonymous_4)","decl":{"start":{"line":51,"column":23},"end":{"line":51,"column":24}},"loc":{"start":{"line":51,"column":38},"end":{"line":51,"column":77}}},"5":{"name":"(anonymous_5)","decl":{"start":{"line":56,"column":27},"end":{"line":56,"column":28}},"loc":{"start":{"line":57,"column":12},"end":{"line":57,"column":33}}}},"branchMap":{"0":{"loc":{"start":{"line":16,"column":20},"end":{"line":16,"column":62}},"type":"binary-expr","locations":[{"start":{"line":16,"column":20},"end":{"line":16,"column":56}},{"start":{"line":16,"column":60},"end":{"line":16,"column":62}}]},"1":{"loc":{"start":{"line":22,"column":4},"end":{"line":28,"column":5}},"type":"if","locations":[{"start":{"line":22,"column":4},"end":{"line":28,"column":5}},{"start":{"line":25,"column":11},"end":{"line":28,"column":5}}]},"2":{"loc":{"start":{"line":33,"column":4},"end":{"line":37,"column":5}},"type":"if","locations":[{"start":{"line":33,"column":4},"end":{"line":37,"column":5}},{"start":{"line":35,"column":11},"end":{"line":37,"column":5}}]},"3":{"loc":{"start":{"line":33,"column":8},"end":{"line":33,"column":30}},"type":"binary-expr","locations":[{"start":{"line":33,"column":8},"end":{"line":33,"column":12}},{"start":{"line":33,"column":16},"end":{"line":33,"column":30}}]},"4":{"loc":{"start":{"line":47,"column":17},"end":{"line":47,"column":36}},"type":"binary-expr","locations":[{"start":{"line":47,"column":17},"end":{"line":47,"column":27}},{"start":{"line":47,"column":31},"end":{"line":47,"column":36}}]},"5":{"loc":{"start":{"line":51,"column":38},"end":{"line":51,"column":77}},"type":"cond-expr","locations":[{"start":{"line":51,"column":50},"end":{"line":51,"column":69}},{"start":{"line":51,"column":72},"end":{"line":51,"column":77}}]}},"s":{"0":0,"1":0,"2":0,"3":0,"4":0,"5":0,"6":0,"7":0,"8":0,"9":0,"10":0,"11":0,"12":0,"13":0,"14":0,"15":0,"16":0,"17":0},"f":{"0":0,"1":0,"2":0,"3":0,"4":0,"5":0},"b":{"0":[0,0],"1":[0,0],"2":[0,0],"3":[0,0],"4":[0,0],"5":[0,0]}}
,"C:\\Users\\johnk\\Documents\\GitHub\\employeeManagement\\employee-management\\src\\components\\Search.tsx": {"path":"C:\\Users\\johnk\\Documents\\GitHub\\employeeManagement\\employee-management\\src\\components\\Search.tsx","statementMap":{"0":{"start":{"line":8,"column":21},"end":{"line":8,"column":71}},"1":{"start":{"line":8,"column":49},"end":{"line":8,"column":70}},"2":{"start":{"line":9,"column":19},"end":{"line":9,"column":32}},"3":{"start":{"line":11,"column":2},"end":{"line":40,"column":4}},"4":{"start":{"line":17,"column":10},"end":{"line":17,"column":29}},"5":{"start":{"line":23,"column":27},"end":{"line":23,"column":66}}},"fnMap":{"0":{"name":"Search","decl":{"start":{"line":6,"column":16},"end":{"line":6,"column":22}},"loc":{"start":{"line":6,"column":22},"end":{"line":41,"column":1}}},"1":{"name":"(anonymous_1)","decl":{"start":{"line":8,"column":33},"end":{"line":8,"column":34}},"loc":{"start":{"line":8,"column":49},"end":{"line":8,"column":70}}},"2":{"name":"(anonymous_2)","decl":{"start":{"line":16,"column":18},"end":{"line":16,"column":19}},"loc":{"start":{"line":16,"column":24},"end":{"line":18,"column":9}}},"3":{"name":"(anonymous_3)","decl":{"start":{"line":23,"column":20},"end":{"line":23,"column":21}},"loc":{"start":{"line":23,"column":27},"end":{"line":23,"column":66}}}},"branchMap":{},"s":{"0":0,"1":0,"2":0,"3":0,"4":0,"5":0},"f":{"0":0,"1":0,"2":0,"3":0},"b":{}}
,"C:\\Users\\johnk\\Documents\\GitHub\\employeeManagement\\employee-management\\src\\components\\UsersGrid.tsx": {"path":"C:\\Users\\johnk\\Documents\\GitHub\\employeeManagement\\employee-management\\src\\components\\UsersGrid.tsx","statementMap":{"0":{"start":{"line":18,"column":19},"end":{"line":18,"column":32}},"1":{"start":{"line":20,"column":21},"end":{"line":20,"column":77}},"2":{"start":{"line":20,"column":55},"end":{"line":20,"column":76}},"3":{"start":{"line":21,"column":21},"end":{"line":22,"column":null}},"4":{"start":{"line":22,"column":26},"end":{"line":22,"column":61}},"5":{"start":{"line":26,"column":4},"end":{"line":32,"column":null}},"6":{"start":{"line":29,"column":10},"end":{"line":31,"column":null}},"7":{"start":{"line":37,"column":4},"end":{"line":39,"column":68}},"8":{"start":{"line":39,"column":40},"end":{"line":39,"column":67}},"9":{"start":{"line":41,"column":42},"end":{"line":46,"column":4}},"10":{"start":{"line":48,"column":2},"end":{"line":72,"column":4}},"11":{"start":{"line":57,"column":29},"end":{"line":57,"column":38}},"12":{"start":{"line":67,"column":12},"end":{"line":67,"column":75}}},"fnMap":{"0":{"name":"UsersGrid","decl":{"start":{"line":9,"column":16},"end":{"line":9,"column":25}},"loc":{"start":{"line":17,"column":1},"end":{"line":73,"column":1}}},"1":{"name":"(anonymous_1)","decl":{"start":{"line":20,"column":33},"end":{"line":20,"column":34}},"loc":{"start":{"line":20,"column":55},"end":{"line":20,"column":76}}},"2":{"name":"(anonymous_2)","decl":{"start":{"line":22,"column":4},"end":{"line":22,"column":5}},"loc":{"start":{"line":22,"column":26},"end":{"line":22,"column":61}}},"3":{"name":"(anonymous_3)","decl":{"start":{"line":28,"column":25},"end":{"line":28,"column":26}},"loc":{"start":{"line":29,"column":10},"end":{"line":31,"column":null}}},"4":{"name":"(anonymous_4)","decl":{"start":{"line":39,"column":33},"end":{"line":39,"column":34}},"loc":{"start":{"line":39,"column":40},"end":{"line":39,"column":67}}},"5":{"name":"(anonymous_5)","decl":{"start":{"line":57,"column":20},"end":{"line":57,"column":21}},"loc":{"start":{"line":57,"column":29},"end":{"line":57,"column":38}}},"6":{"name":"(anonymous_6)","decl":{"start":{"line":66,"column":22},"end":{"line":66,"column":23}},"loc":{"start":{"line":66,"column":33},"end":{"line":68,"column":11}}}},"branchMap":{"0":{"loc":{"start":{"line":26,"column":4},"end":{"line":32,"column":null}},"type":"cond-expr","locations":[{"start":{"line":27,"column":8},"end":{"line":27,"column":17}},{"start":{"line":28,"column":8},"end":{"line":32,"column":null}}]},"1":{"loc":{"start":{"line":37,"column":4},"end":{"line":39,"column":68}},"type":"cond-expr","locations":[{"start":{"line":38,"column":8},"end":{"line":38,"column":25}},{"start":{"line":39,"column":8},"end":{"line":39,"column":68}}]},"2":{"loc":{"start":{"line":37,"column":4},"end":{"line":37,"column":43}},"type":"binary-expr","locations":[{"start":{"line":37,"column":4},"end":{"line":37,"column":22}},{"start":{"line":37,"column":26},"end":{"line":37,"column":43}}]},"3":{"loc":{"start":{"line":51,"column":7},"end":{"line":51,"column":41}},"type":"binary-expr","locations":[{"start":{"line":51,"column":7},"end":{"line":51,"column":14}},{"start":{"line":51,"column":18},"end":{"line":51,"column":41}}]},"4":{"loc":{"start":{"line":52,"column":7},"end":{"line":52,"column":66}},"type":"binary-expr","locations":[{"start":{"line":52,"column":7},"end":{"line":52,"column":12}},{"start":{"line":52,"column":16},"end":{"line":52,"column":66}}]},"5":{"loc":{"start":{"line":53,"column":7},"end":{"line":69,"column":null}},"type":"binary-expr","locations":[{"start":{"line":53,"column":7},"end":{"line":53,"column":15}},{"start":{"line":53,"column":19},"end":{"line":53,"column":25}},{"start":{"line":54,"column":8},"end":{"line":68,"column":null}}]}},"s":{"0":0,"1":0,"2":0,"3":0,"4":0,"5":0,"6":0,"7":0,"8":0,"9":0,"10":0,"11":0,"12":0},"f":{"0":0,"1":0,"2":0,"3":0,"4":0,"5":0,"6":0},"b":{"0":[0,0],"1":[0,0],"2":[0,0],"3":[0,0],"4":[0,0],"5":[0,0,0]}}
,"C:\\Users\\johnk\\Documents\\GitHub\\employeeManagement\\employee-management\\src\\components\\UsersRow.tsx": {"path":"C:\\Users\\johnk\\Documents\\GitHub\\employeeManagement\\employee-management\\src\\components\\UsersRow.tsx","statementMap":{"0":{"start":{"line":5,"column":2},"end":{"line":16,"column":4}}},"fnMap":{"0":{"name":"UsersRow","decl":{"start":{"line":4,"column":16},"end":{"line":4,"column":24}},"loc":{"start":{"line":4,"column":61},"end":{"line":17,"column":1}}}},"branchMap":{},"s":{"0":0},"f":{"0":0},"b":{}}
,"C:\\Users\\johnk\\Documents\\GitHub\\employeeManagement\\employee-management\\src\\state\\store.ts": {"path":"C:\\Users\\johnk\\Documents\\GitHub\\employeeManagement\\employee-management\\src\\state\\store.ts","statementMap":{"0":{"start":{"line":6,"column":21},"end":{"line":12,"column":2}}},"fnMap":{},"branchMap":{},"s":{"0":0},"f":{},"b":{}}
,"C:\\Users\\johnk\\Documents\\GitHub\\employeeManagement\\employee-management\\src\\state\\employees\\employeesListSlice.ts": {"path":"C:\\Users\\johnk\\Documents\\GitHub\\employeeManagement\\employee-management\\src\\state\\employees\\employeesListSlice.ts","statementMap":{"0":{"start":{"line":8,"column":50},"end":{"line":10,"column":2}},"1":{"start":{"line":12,"column":27},"end":{"line":20,"column":2}},"2":{"start":{"line":17,"column":6},"end":{"line":17,"column":39}},"3":{"start":{"line":22,"column":36},"end":{"line":22,"column":62}}},"fnMap":{"0":{"name":"(anonymous_0)","decl":{"start":{"line":16,"column":4},"end":{"line":16,"column":20}},"loc":{"start":{"line":16,"column":59},"end":{"line":18,"column":5}}}},"branchMap":{},"s":{"0":0,"1":0,"2":0,"3":0},"f":{"0":0},"b":{}}
,"C:\\Users\\johnk\\Documents\\GitHub\\employeeManagement\\employee-management\\src\\state\\filter\\filterDeptSlice.ts": {"path":"C:\\Users\\johnk\\Documents\\GitHub\\employeeManagement\\employee-management\\src\\state\\filter\\filterDeptSlice.ts","statementMap":{"0":{"start":{"line":7,"column":38},"end":{"line":9,"column":2}},"1":{"start":{"line":11,"column":24},"end":{"line":22,"column":2}},"2":{"start":{"line":16,"column":6},"end":{"line":16,"column":48}},"3":{"start":{"line":19,"column":6},"end":{"line":19,"column":38}},"4":{"start":{"line":25,"column":2},"end":{"line":25,"column":25}}},"fnMap":{"0":{"name":"(anonymous_0)","decl":{"start":{"line":15,"column":4},"end":{"line":15,"column":23}},"loc":{"start":{"line":15,"column":65},"end":{"line":17,"column":5}}},"1":{"name":"(anonymous_1)","decl":{"start":{"line":18,"column":4},"end":{"line":18,"column":25}},"loc":{"start":{"line":18,"column":31},"end":{"line":20,"column":5}}}},"branchMap":{},"s":{"0":0,"1":0,"2":0,"3":0,"4":0},"f":{"0":0,"1":0},"b":{}}
,"C:\\Users\\johnk\\Documents\\GitHub\\employeeManagement\\employee-management\\src\\state\\search\\searchTextSlice.ts": {"path":"C:\\Users\\johnk\\Documents\\GitHub\\employeeManagement\\employee-management\\src\\state\\search\\searchTextSlice.ts","statementMap":{"0":{"start":{"line":6,"column":38},"end":{"line":8,"column":2}},"1":{"start":{"line":10,"column":24},"end":{"line":18,"column":2}},"2":{"start":{"line":15,"column":6},"end":{"line":15,"column":34}},"3":{"start":{"line":20,"column":33},"end":{"line":20,"column":56}}},"fnMap":{"0":{"name":"(anonymous_0)","decl":{"start":{"line":14,"column":4},"end":{"line":14,"column":17}},"loc":{"start":{"line":14,"column":52},"end":{"line":16,"column":5}}}},"branchMap":{},"s":{"0":0,"1":0,"2":0,"3":0},"f":{"0":0},"b":{}}
,"C:\\Users\\johnk\\Documents\\GitHub\\employeeManagement\\employee-management\\src\\utils\\employeeMapper.ts": {"path":"C:\\Users\\johnk\\Documents\\GitHub\\employeeManagement\\employee-management\\src\\utils\\employeeMapper.ts","statementMap":{"0":{"start":{"line":12,"column":27},"end":{"line":12,"column":68}},"1":{"start":{"line":15,"column":19},"end":{"line":15,"column":53}},"2":{"start":{"line":19,"column":15},"end":{"line":19,"column":31}},"3":{"start":{"line":20,"column":4},"end":{"line":23,"column":5}},"4":{"start":{"line":20,"column":17},"end":{"line":20,"column":18}},"5":{"start":{"line":21,"column":6},"end":{"line":21,"column":32}},"6":{"start":{"line":22,"column":6},"end":{"line":22,"column":45}},"7":{"start":{"line":24,"column":4},"end":{"line":24,"column":16}},"8":{"start":{"line":27,"column":14},"end":{"line":27,"column":49}},"9":{"start":{"line":28,"column":15},"end":{"line":28,"column":30}},"10":{"start":{"line":31,"column":21},"end":{"line":31,"column":59}},"11":{"start":{"line":32,"column":17},"end":{"line":32,"column":57}},"12":{"start":{"line":33,"column":19},"end":{"line":33,"column":69}},"13":{"start":{"line":34,"column":16},"end":{"line":36,"column":11}},"14":{"start":{"line":37,"column":2},"end":{"line":46,"column":4}}},"fnMap":{"0":{"name":"transformUserToEmployee","decl":{"start":{"line":14,"column":16},"end":{"line":14,"column":39}},"loc":{"start":{"line":14,"column":49},"end":{"line":47,"column":1}}},"1":{"name":"hashString","decl":{"start":{"line":18,"column":11},"end":{"line":18,"column":21}},"loc":{"start":{"line":18,"column":33},"end":{"line":25,"column":3}}}},"branchMap":{"0":{"loc":{"start":{"line":27,"column":21},"end":{"line":27,"column":48}},"type":"binary-expr","locations":[{"start":{"line":27,"column":21},"end":{"line":27,"column":31}},{"start":{"line":27,"column":35},"end":{"line":27,"column":42}},{"start":{"line":27,"column":46},"end":{"line":27,"column":48}}]},"1":{"loc":{"start":{"line":34,"column":38},"end":{"line":34,"column":59}},"type":"binary-expr","locations":[{"start":{"line":34,"column":38},"end":{"line":34,"column":53}},{"start":{"line":34,"column":57},"end":{"line":34,"column":59}}]},"2":{"loc":{"start":{"line":35,"column":4},"end":{"line":35,"column":null}},"type":"binary-expr","locations":[{"start":{"line":35,"column":4},"end":{"line":35,"column":18}},{"start":{"line":35,"column":22},"end":{"line":35,"column":null}}]},"3":{"loc":{"start":{"line":39,"column":11},"end":{"line":39,"column":27}},"type":"binary-expr","locations":[{"start":{"line":39,"column":11},"end":{"line":39,"column":21}},{"start":{"line":39,"column":25},"end":{"line":39,"column":27}}]},"4":{"loc":{"start":{"line":40,"column":18},"end":{"line":40,"column":39}},"type":"binary-expr","locations":[{"start":{"line":40,"column":18},"end":{"line":40,"column":33}},{"start":{"line":40,"column":37},"end":{"line":40,"column":39}}]},"5":{"loc":{"start":{"line":40,"column":43},"end":{"line":40,"column":63}},"type":"binary-expr","locations":[{"start":{"line":40,"column":43},"end":{"line":40,"column":57}},{"start":{"line":40,"column":61},"end":{"line":40,"column":63}}]},"6":{"loc":{"start":{"line":43,"column":12},"end":{"line":43,"column":29}},"type":"binary-expr","locations":[{"start":{"line":43,"column":12},"end":{"line":43,"column":23}},{"start":{"line":43,"column":27},"end":{"line":43,"column":29}}]}},"s":{"0":0,"1":0,"2":0,"3":0,"4":0,"5":0,"6":0,"7":0,"8":0,"9":0,"10":0,"11":0,"12":0,"13":0,"14":0},"f":{"0":0,"1":0},"b":{"0":[0,0,0],"1":[0,0],"2":[0,0],"3":[0,0],"4":[0,0],"5":[0,0],"6":[0,0]}}
,"C:\\Users\\johnk\\Documents\\GitHub\\employeeManagement\\employee-management\\src\\utils\\employeeSearch.ts": {"path":"C:\\Users\\johnk\\Documents\\GitHub\\employeeManagement\\employee-management\\src\\utils\\employeeSearch.ts","statementMap":{"0":{"start":{"line":2,"column":2},"end":{"line":2,"column":36}},"1":{"start":{"line":9,"column":2},"end":{"line":9,"column":65}},"2":{"start":{"line":15,"column":23},"end":{"line":15,"column":50}},"3":{"start":{"line":16,"column":32},"end":{"line":16,"column":65}},"4":{"start":{"line":17,"column":2},"end":{"line":17,"column":54}}},"fnMap":{"0":{"name":"normalizeSearchInput","decl":{"start":{"line":1,"column":16},"end":{"line":1,"column":36}},"loc":{"start":{"line":1,"column":50},"end":{"line":3,"column":1}}},"1":{"name":"buildSearchString","decl":{"start":{"line":5,"column":16},"end":{"line":5,"column":33}},"loc":{"start":{"line":8,"column":1},"end":{"line":10,"column":1}}},"2":{"name":"employeeMatchesSearch","decl":{"start":{"line":11,"column":16},"end":{"line":11,"column":37}},"loc":{"start":{"line":13,"column":21},"end":{"line":18,"column":1}}}},"branchMap":{},"s":{"0":0,"1":0,"2":0,"3":0,"4":0},"f":{"0":0,"1":0,"2":0},"b":{}}
}
